<?xml version="1.0" encoding="UTF-8"?>
<testsuite xmlns:xsi="http://www.w3.org/2001/XMLSchema-instance" xsi:noNamespaceSchemaLocation="https://maven.apache.org/surefire/maven-surefire-plugin/xsd/surefire-test-report-3.0.xsd" version="3.0" name="com.libms.LibmsApplicationTests" time="2.921" tests="2" errors="0" skipped="0" failures="0">
  <properties>
    <property name="java.specification.version" value="17"/>
    <property name="sun.cpu.isalist" value="amd64"/>
    <property name="sun.jnu.encoding" value="GBK"/>
    <property name="java.class.path" value="E:\develop\datagrip\project\spring-libms\target\test-classes;E:\develop\datagrip\project\spring-libms\target\classes;E:\develop\apache-maven-3.8.8\mvn_repo\org\springframework\boot\spring-boot-starter-web\3.1.0\spring-boot-starter-web-3.1.0.jar;E:\develop\apache-maven-3.8.8\mvn_repo\org\springframework\boot\spring-boot-starter\3.1.0\spring-boot-starter-3.1.0.jar;E:\develop\apache-maven-3.8.8\mvn_repo\org\springframework\boot\spring-boot\3.1.0\spring-boot-3.1.0.jar;E:\develop\apache-maven-3.8.8\mvn_repo\org\springframework\boot\spring-boot-autoconfigure\3.1.0\spring-boot-autoconfigure-3.1.0.jar;E:\develop\apache-maven-3.8.8\mvn_repo\org\springframework\boot\spring-boot-starter-logging\3.1.0\spring-boot-starter-logging-3.1.0.jar;E:\develop\apache-maven-3.8.8\mvn_repo\ch\qos\logback\logback-classic\1.4.7\logback-classic-1.4.7.jar;E:\develop\apache-maven-3.8.8\mvn_repo\ch\qos\logback\logback-core\1.4.7\logback-core-1.4.7.jar;E:\develop\apache-maven-3.8.8\mvn_repo\org\apache\logging\log4j\log4j-to-slf4j\2.20.0\log4j-to-slf4j-2.20.0.jar;E:\develop\apache-maven-3.8.8\mvn_repo\org\apache\logging\log4j\log4j-api\2.20.0\log4j-api-2.20.0.jar;E:\develop\apache-maven-3.8.8\mvn_repo\org\slf4j\jul-to-slf4j\2.0.7\jul-to-slf4j-2.0.7.jar;E:\develop\apache-maven-3.8.8\mvn_repo\jakarta\annotation\jakarta.annotation-api\2.1.1\jakarta.annotation-api-2.1.1.jar;E:\develop\apache-maven-3.8.8\mvn_repo\org\yaml\snakeyaml\1.33\snakeyaml-1.33.jar;E:\develop\apache-maven-3.8.8\mvn_repo\org\springframework\boot\spring-boot-starter-json\3.1.0\spring-boot-starter-json-3.1.0.jar;E:\develop\apache-maven-3.8.8\mvn_repo\com\fasterxml\jackson\core\jackson-databind\2.15.0\jackson-databind-2.15.0.jar;E:\develop\apache-maven-3.8.8\mvn_repo\com\fasterxml\jackson\core\jackson-annotations\2.15.0\jackson-annotations-2.15.0.jar;E:\develop\apache-maven-3.8.8\mvn_repo\com\fasterxml\jackson\core\jackson-core\2.15.0\jackson-core-2.15.0.jar;E:\develop\apache-maven-3.8.8\mvn_repo\com\fasterxml\jackson\datatype\jackson-datatype-jdk8\2.15.0\jackson-datatype-jdk8-2.15.0.jar;E:\develop\apache-maven-3.8.8\mvn_repo\com\fasterxml\jackson\datatype\jackson-datatype-jsr310\2.15.0\jackson-datatype-jsr310-2.15.0.jar;E:\develop\apache-maven-3.8.8\mvn_repo\com\fasterxml\jackson\module\jackson-module-parameter-names\2.15.0\jackson-module-parameter-names-2.15.0.jar;E:\develop\apache-maven-3.8.8\mvn_repo\org\springframework\boot\spring-boot-starter-tomcat\3.1.0\spring-boot-starter-tomcat-3.1.0.jar;E:\develop\apache-maven-3.8.8\mvn_repo\org\apache\tomcat\embed\tomcat-embed-core\10.1.8\tomcat-embed-core-10.1.8.jar;E:\develop\apache-maven-3.8.8\mvn_repo\org\apache\tomcat\embed\tomcat-embed-el\10.1.8\tomcat-embed-el-10.1.8.jar;E:\develop\apache-maven-3.8.8\mvn_repo\org\apache\tomcat\embed\tomcat-embed-websocket\10.1.8\tomcat-embed-websocket-10.1.8.jar;E:\develop\apache-maven-3.8.8\mvn_repo\org\springframework\spring-web\6.0.9\spring-web-6.0.9.jar;E:\develop\apache-maven-3.8.8\mvn_repo\org\springframework\spring-beans\6.0.9\spring-beans-6.0.9.jar;E:\develop\apache-maven-3.8.8\mvn_repo\io\micrometer\micrometer-observation\1.11.0\micrometer-observation-1.11.0.jar;E:\develop\apache-maven-3.8.8\mvn_repo\io\micrometer\micrometer-commons\1.11.0\micrometer-commons-1.11.0.jar;E:\develop\apache-maven-3.8.8\mvn_repo\org\springframework\spring-webmvc\6.0.9\spring-webmvc-6.0.9.jar;E:\develop\apache-maven-3.8.8\mvn_repo\org\springframework\spring-aop\6.0.9\spring-aop-6.0.9.jar;E:\develop\apache-maven-3.8.8\mvn_repo\org\springframework\spring-context\6.0.9\spring-context-6.0.9.jar;E:\develop\apache-maven-3.8.8\mvn_repo\org\springframework\spring-expression\6.0.9\spring-expression-6.0.9.jar;E:\develop\apache-maven-3.8.8\mvn_repo\org\mybatis\spring\boot\mybatis-spring-boot-starter\3.0.2\mybatis-spring-boot-starter-3.0.2.jar;E:\develop\apache-maven-3.8.8\mvn_repo\org\springframework\boot\spring-boot-starter-jdbc\3.1.0\spring-boot-starter-jdbc-3.1.0.jar;E:\develop\apache-maven-3.8.8\mvn_repo\com\zaxxer\HikariCP\5.0.1\HikariCP-5.0.1.jar;E:\develop\apache-maven-3.8.8\mvn_repo\org\springframework\spring-jdbc\6.0.9\spring-jdbc-6.0.9.jar;E:\develop\apache-maven-3.8.8\mvn_repo\org\springframework\spring-tx\6.0.9\spring-tx-6.0.9.jar;E:\develop\apache-maven-3.8.8\mvn_repo\org\mybatis\spring\boot\mybatis-spring-boot-autoconfigure\3.0.2\mybatis-spring-boot-autoconfigure-3.0.2.jar;E:\develop\apache-maven-3.8.8\mvn_repo\org\mybatis\mybatis\3.5.13\mybatis-3.5.13.jar;E:\develop\apache-maven-3.8.8\mvn_repo\org\mybatis\mybatis-spring\3.0.2\mybatis-spring-3.0.2.jar;E:\develop\apache-maven-3.8.8\mvn_repo\com\mysql\mysql-connector-j\8.0.33\mysql-connector-j-8.0.33.jar;E:\develop\apache-maven-3.8.8\mvn_repo\org\springframework\boot\spring-boot-starter-test\3.1.0\spring-boot-starter-test-3.1.0.jar;E:\develop\apache-maven-3.8.8\mvn_repo\org\springframework\boot\spring-boot-test\3.1.0\spring-boot-test-3.1.0.jar;E:\develop\apache-maven-3.8.8\mvn_repo\org\springframework\boot\spring-boot-test-autoconfigure\3.1.0\spring-boot-test-autoconfigure-3.1.0.jar;E:\develop\apache-maven-3.8.8\mvn_repo\com\jayway\jsonpath\json-path\2.8.0\json-path-2.8.0.jar;E:\develop\apache-maven-3.8.8\mvn_repo\org\slf4j\slf4j-api\2.0.7\slf4j-api-2.0.7.jar;E:\develop\apache-maven-3.8.8\mvn_repo\jakarta\xml\bind\jakarta.xml.bind-api\4.0.0\jakarta.xml.bind-api-4.0.0.jar;E:\develop\apache-maven-3.8.8\mvn_repo\jakarta\activation\jakarta.activation-api\2.1.2\jakarta.activation-api-2.1.2.jar;E:\develop\apache-maven-3.8.8\mvn_repo\net\minidev\json-smart\2.4.10\json-smart-2.4.10.jar;E:\develop\apache-maven-3.8.8\mvn_repo\net\minidev\accessors-smart\2.4.9\accessors-smart-2.4.9.jar;E:\develop\apache-maven-3.8.8\mvn_repo\org\ow2\asm\asm\9.3\asm-9.3.jar;E:\develop\apache-maven-3.8.8\mvn_repo\org\assertj\assertj-core\3.24.2\assertj-core-3.24.2.jar;E:\develop\apache-maven-3.8.8\mvn_repo\net\bytebuddy\byte-buddy\1.14.4\byte-buddy-1.14.4.jar;E:\develop\apache-maven-3.8.8\mvn_repo\org\hamcrest\hamcrest\2.2\hamcrest-2.2.jar;E:\develop\apache-maven-3.8.8\mvn_repo\org\junit\jupiter\junit-jupiter\5.9.3\junit-jupiter-5.9.3.jar;E:\develop\apache-maven-3.8.8\mvn_repo\org\junit\jupiter\junit-jupiter-api\5.9.3\junit-jupiter-api-5.9.3.jar;E:\develop\apache-maven-3.8.8\mvn_repo\org\opentest4j\opentest4j\1.2.0\opentest4j-1.2.0.jar;E:\develop\apache-maven-3.8.8\mvn_repo\org\junit\platform\junit-platform-commons\1.9.3\junit-platform-commons-1.9.3.jar;E:\develop\apache-maven-3.8.8\mvn_repo\org\apiguardian\apiguardian-api\1.1.2\apiguardian-api-1.1.2.jar;E:\develop\apache-maven-3.8.8\mvn_repo\org\junit\jupiter\junit-jupiter-params\5.9.3\junit-jupiter-params-5.9.3.jar;E:\develop\apache-maven-3.8.8\mvn_repo\org\junit\jupiter\junit-jupiter-engine\5.9.3\junit-jupiter-engine-5.9.3.jar;E:\develop\apache-maven-3.8.8\mvn_repo\org\junit\platform\junit-platform-engine\1.9.3\junit-platform-engine-1.9.3.jar;E:\develop\apache-maven-3.8.8\mvn_repo\org\mockito\mockito-core\5.3.1\mockito-core-5.3.1.jar;E:\develop\apache-maven-3.8.8\mvn_repo\net\bytebuddy\byte-buddy-agent\1.14.4\byte-buddy-agent-1.14.4.jar;E:\develop\apache-maven-3.8.8\mvn_repo\org\objenesis\objenesis\3.3\objenesis-3.3.jar;E:\develop\apache-maven-3.8.8\mvn_repo\org\mockito\mockito-junit-jupiter\5.3.1\mockito-junit-jupiter-5.3.1.jar;E:\develop\apache-maven-3.8.8\mvn_repo\org\skyscreamer\jsonassert\1.5.1\jsonassert-1.5.1.jar;E:\develop\apache-maven-3.8.8\mvn_repo\com\vaadin\external\google\android-json\0.0.20131108.vaadin1\android-json-0.0.20131108.vaadin1.jar;E:\develop\apache-maven-3.8.8\mvn_repo\org\springframework\spring-core\6.0.9\spring-core-6.0.9.jar;E:\develop\apache-maven-3.8.8\mvn_repo\org\springframework\spring-jcl\6.0.9\spring-jcl-6.0.9.jar;E:\develop\apache-maven-3.8.8\mvn_repo\org\springframework\spring-test\6.0.9\spring-test-6.0.9.jar;E:\develop\apache-maven-3.8.8\mvn_repo\org\xmlunit\xmlunit-core\2.9.1\xmlunit-core-2.9.1.jar;E:\develop\apache-maven-3.8.8\mvn_repo\javax\xml\bind\jaxb-api\2.3.0\jaxb-api-2.3.0.jar;E:\develop\apache-maven-3.8.8\mvn_repo\com\libms\libms-pojo\1.0-SNAPSHOT\libms-pojo-1.0-SNAPSHOT.jar;E:\develop\apache-maven-3.8.8\mvn_repo\com\libms\libms-utils\1.0-SNAPSHOT\libms-utils-1.0-SNAPSHOT.jar;E:\develop\apache-maven-3.8.8\mvn_repo\io\jsonwebtoken\jjwt\0.9.1\jjwt-0.9.1.jar;E:\develop\apache-maven-3.8.8\mvn_repo\org\projectlombok\lombok\1.18.24\lombok-1.18.24.jar;"/>
    <property name="java.vm.vendor" value="Oracle Corporation"/>
    <property name="sun.arch.data.model" value="64"/>
    <property name="user.variant" value=""/>
    <property name="java.vendor.url" value="https://java.oracle.com/"/>
    <property name="user.timezone" value="Asia/Shanghai"/>
    <property name="os.name" value="Windows 10"/>
    <property name="java.vm.specification.version" value="17"/>
    <property name="sun.java.launcher" value="SUN_STANDARD"/>
    <property name="user.country" value="CN"/>
    <property name="sun.boot.library.path" value="E:\develop\jdk\bin"/>
    <property name="sun.java.command" value="C:\Users\郭敏轩\AppData\Local\Temp\surefire6674560698075972524\surefirebooter-20230615111339616_3.jar C:\Users\郭敏轩\AppData\Local\Temp\surefire6674560698075972524 2023-06-15T11-13-39_448-jvmRun1 surefire-20230615111339616_1tmp surefire_0-20230615111339616_2tmp"/>
    <property name="jdk.debug" value="release"/>
    <property name="surefire.test.class.path" value="E:\develop\datagrip\project\spring-libms\target\test-classes;E:\develop\datagrip\project\spring-libms\target\classes;E:\develop\apache-maven-3.8.8\mvn_repo\org\springframework\boot\spring-boot-starter-web\3.1.0\spring-boot-starter-web-3.1.0.jar;E:\develop\apache-maven-3.8.8\mvn_repo\org\springframework\boot\spring-boot-starter\3.1.0\spring-boot-starter-3.1.0.jar;E:\develop\apache-maven-3.8.8\mvn_repo\org\springframework\boot\spring-boot\3.1.0\spring-boot-3.1.0.jar;E:\develop\apache-maven-3.8.8\mvn_repo\org\springframework\boot\spring-boot-autoconfigure\3.1.0\spring-boot-autoconfigure-3.1.0.jar;E:\develop\apache-maven-3.8.8\mvn_repo\org\springframework\boot\spring-boot-starter-logging\3.1.0\spring-boot-starter-logging-3.1.0.jar;E:\develop\apache-maven-3.8.8\mvn_repo\ch\qos\logback\logback-classic\1.4.7\logback-classic-1.4.7.jar;E:\develop\apache-maven-3.8.8\mvn_repo\ch\qos\logback\logback-core\1.4.7\logback-core-1.4.7.jar;E:\develop\apache-maven-3.8.8\mvn_repo\org\apache\logging\log4j\log4j-to-slf4j\2.20.0\log4j-to-slf4j-2.20.0.jar;E:\develop\apache-maven-3.8.8\mvn_repo\org\apache\logging\log4j\log4j-api\2.20.0\log4j-api-2.20.0.jar;E:\develop\apache-maven-3.8.8\mvn_repo\org\slf4j\jul-to-slf4j\2.0.7\jul-to-slf4j-2.0.7.jar;E:\develop\apache-maven-3.8.8\mvn_repo\jakarta\annotation\jakarta.annotation-api\2.1.1\jakarta.annotation-api-2.1.1.jar;E:\develop\apache-maven-3.8.8\mvn_repo\org\yaml\snakeyaml\1.33\snakeyaml-1.33.jar;E:\develop\apache-maven-3.8.8\mvn_repo\org\springframework\boot\spring-boot-starter-json\3.1.0\spring-boot-starter-json-3.1.0.jar;E:\develop\apache-maven-3.8.8\mvn_repo\com\fasterxml\jackson\core\jackson-databind\2.15.0\jackson-databind-2.15.0.jar;E:\develop\apache-maven-3.8.8\mvn_repo\com\fasterxml\jackson\core\jackson-annotations\2.15.0\jackson-annotations-2.15.0.jar;E:\develop\apache-maven-3.8.8\mvn_repo\com\fasterxml\jackson\core\jackson-core\2.15.0\jackson-core-2.15.0.jar;E:\develop\apache-maven-3.8.8\mvn_repo\com\fasterxml\jackson\datatype\jackson-datatype-jdk8\2.15.0\jackson-datatype-jdk8-2.15.0.jar;E:\develop\apache-maven-3.8.8\mvn_repo\com\fasterxml\jackson\datatype\jackson-datatype-jsr310\2.15.0\jackson-datatype-jsr310-2.15.0.jar;E:\develop\apache-maven-3.8.8\mvn_repo\com\fasterxml\jackson\module\jackson-module-parameter-names\2.15.0\jackson-module-parameter-names-2.15.0.jar;E:\develop\apache-maven-3.8.8\mvn_repo\org\springframework\boot\spring-boot-starter-tomcat\3.1.0\spring-boot-starter-tomcat-3.1.0.jar;E:\develop\apache-maven-3.8.8\mvn_repo\org\apache\tomcat\embed\tomcat-embed-core\10.1.8\tomcat-embed-core-10.1.8.jar;E:\develop\apache-maven-3.8.8\mvn_repo\org\apache\tomcat\embed\tomcat-embed-el\10.1.8\tomcat-embed-el-10.1.8.jar;E:\develop\apache-maven-3.8.8\mvn_repo\org\apache\tomcat\embed\tomcat-embed-websocket\10.1.8\tomcat-embed-websocket-10.1.8.jar;E:\develop\apache-maven-3.8.8\mvn_repo\org\springframework\spring-web\6.0.9\spring-web-6.0.9.jar;E:\develop\apache-maven-3.8.8\mvn_repo\org\springframework\spring-beans\6.0.9\spring-beans-6.0.9.jar;E:\develop\apache-maven-3.8.8\mvn_repo\io\micrometer\micrometer-observation\1.11.0\micrometer-observation-1.11.0.jar;E:\develop\apache-maven-3.8.8\mvn_repo\io\micrometer\micrometer-commons\1.11.0\micrometer-commons-1.11.0.jar;E:\develop\apache-maven-3.8.8\mvn_repo\org\springframework\spring-webmvc\6.0.9\spring-webmvc-6.0.9.jar;E:\develop\apache-maven-3.8.8\mvn_repo\org\springframework\spring-aop\6.0.9\spring-aop-6.0.9.jar;E:\develop\apache-maven-3.8.8\mvn_repo\org\springframework\spring-context\6.0.9\spring-context-6.0.9.jar;E:\develop\apache-maven-3.8.8\mvn_repo\org\springframework\spring-expression\6.0.9\spring-expression-6.0.9.jar;E:\develop\apache-maven-3.8.8\mvn_repo\org\mybatis\spring\boot\mybatis-spring-boot-starter\3.0.2\mybatis-spring-boot-starter-3.0.2.jar;E:\develop\apache-maven-3.8.8\mvn_repo\org\springframework\boot\spring-boot-starter-jdbc\3.1.0\spring-boot-starter-jdbc-3.1.0.jar;E:\develop\apache-maven-3.8.8\mvn_repo\com\zaxxer\HikariCP\5.0.1\HikariCP-5.0.1.jar;E:\develop\apache-maven-3.8.8\mvn_repo\org\springframework\spring-jdbc\6.0.9\spring-jdbc-6.0.9.jar;E:\develop\apache-maven-3.8.8\mvn_repo\org\springframework\spring-tx\6.0.9\spring-tx-6.0.9.jar;E:\develop\apache-maven-3.8.8\mvn_repo\org\mybatis\spring\boot\mybatis-spring-boot-autoconfigure\3.0.2\mybatis-spring-boot-autoconfigure-3.0.2.jar;E:\develop\apache-maven-3.8.8\mvn_repo\org\mybatis\mybatis\3.5.13\mybatis-3.5.13.jar;E:\develop\apache-maven-3.8.8\mvn_repo\org\mybatis\mybatis-spring\3.0.2\mybatis-spring-3.0.2.jar;E:\develop\apache-maven-3.8.8\mvn_repo\com\mysql\mysql-connector-j\8.0.33\mysql-connector-j-8.0.33.jar;E:\develop\apache-maven-3.8.8\mvn_repo\org\springframework\boot\spring-boot-starter-test\3.1.0\spring-boot-starter-test-3.1.0.jar;E:\develop\apache-maven-3.8.8\mvn_repo\org\springframework\boot\spring-boot-test\3.1.0\spring-boot-test-3.1.0.jar;E:\develop\apache-maven-3.8.8\mvn_repo\org\springframework\boot\spring-boot-test-autoconfigure\3.1.0\spring-boot-test-autoconfigure-3.1.0.jar;E:\develop\apache-maven-3.8.8\mvn_repo\com\jayway\jsonpath\json-path\2.8.0\json-path-2.8.0.jar;E:\develop\apache-maven-3.8.8\mvn_repo\org\slf4j\slf4j-api\2.0.7\slf4j-api-2.0.7.jar;E:\develop\apache-maven-3.8.8\mvn_repo\jakarta\xml\bind\jakarta.xml.bind-api\4.0.0\jakarta.xml.bind-api-4.0.0.jar;E:\develop\apache-maven-3.8.8\mvn_repo\jakarta\activation\jakarta.activation-api\2.1.2\jakarta.activation-api-2.1.2.jar;E:\develop\apache-maven-3.8.8\mvn_repo\net\minidev\json-smart\2.4.10\json-smart-2.4.10.jar;E:\develop\apache-maven-3.8.8\mvn_repo\net\minidev\accessors-smart\2.4.9\accessors-smart-2.4.9.jar;E:\develop\apache-maven-3.8.8\mvn_repo\org\ow2\asm\asm\9.3\asm-9.3.jar;E:\develop\apache-maven-3.8.8\mvn_repo\org\assertj\assertj-core\3.24.2\assertj-core-3.24.2.jar;E:\develop\apache-maven-3.8.8\mvn_repo\net\bytebuddy\byte-buddy\1.14.4\byte-buddy-1.14.4.jar;E:\develop\apache-maven-3.8.8\mvn_repo\org\hamcrest\hamcrest\2.2\hamcrest-2.2.jar;E:\develop\apache-maven-3.8.8\mvn_repo\org\junit\jupiter\junit-jupiter\5.9.3\junit-jupiter-5.9.3.jar;E:\develop\apache-maven-3.8.8\mvn_repo\org\junit\jupiter\junit-jupiter-api\5.9.3\junit-jupiter-api-5.9.3.jar;E:\develop\apache-maven-3.8.8\mvn_repo\org\opentest4j\opentest4j\1.2.0\opentest4j-1.2.0.jar;E:\develop\apache-maven-3.8.8\mvn_repo\org\junit\platform\junit-platform-commons\1.9.3\junit-platform-commons-1.9.3.jar;E:\develop\apache-maven-3.8.8\mvn_repo\org\apiguardian\apiguardian-api\1.1.2\apiguardian-api-1.1.2.jar;E:\develop\apache-maven-3.8.8\mvn_repo\org\junit\jupiter\junit-jupiter-params\5.9.3\junit-jupiter-params-5.9.3.jar;E:\develop\apache-maven-3.8.8\mvn_repo\org\junit\jupiter\junit-jupiter-engine\5.9.3\junit-jupiter-engine-5.9.3.jar;E:\develop\apache-maven-3.8.8\mvn_repo\org\junit\platform\junit-platform-engine\1.9.3\junit-platform-engine-1.9.3.jar;E:\develop\apache-maven-3.8.8\mvn_repo\org\mockito\mockito-core\5.3.1\mockito-core-5.3.1.jar;E:\develop\apache-maven-3.8.8\mvn_repo\net\bytebuddy\byte-buddy-agent\1.14.4\byte-buddy-agent-1.14.4.jar;E:\develop\apache-maven-3.8.8\mvn_repo\org\objenesis\objenesis\3.3\objenesis-3.3.jar;E:\develop\apache-maven-3.8.8\mvn_repo\org\mockito\mockito-junit-jupiter\5.3.1\mockito-junit-jupiter-5.3.1.jar;E:\develop\apache-maven-3.8.8\mvn_repo\org\skyscreamer\jsonassert\1.5.1\jsonassert-1.5.1.jar;E:\develop\apache-maven-3.8.8\mvn_repo\com\vaadin\external\google\android-json\0.0.20131108.vaadin1\android-json-0.0.20131108.vaadin1.jar;E:\develop\apache-maven-3.8.8\mvn_repo\org\springframework\spring-core\6.0.9\spring-core-6.0.9.jar;E:\develop\apache-maven-3.8.8\mvn_repo\org\springframework\spring-jcl\6.0.9\spring-jcl-6.0.9.jar;E:\develop\apache-maven-3.8.8\mvn_repo\org\springframework\spring-test\6.0.9\spring-test-6.0.9.jar;E:\develop\apache-maven-3.8.8\mvn_repo\org\xmlunit\xmlunit-core\2.9.1\xmlunit-core-2.9.1.jar;E:\develop\apache-maven-3.8.8\mvn_repo\javax\xml\bind\jaxb-api\2.3.0\jaxb-api-2.3.0.jar;E:\develop\apache-maven-3.8.8\mvn_repo\com\libms\libms-pojo\1.0-SNAPSHOT\libms-pojo-1.0-SNAPSHOT.jar;E:\develop\apache-maven-3.8.8\mvn_repo\com\libms\libms-utils\1.0-SNAPSHOT\libms-utils-1.0-SNAPSHOT.jar;E:\develop\apache-maven-3.8.8\mvn_repo\io\jsonwebtoken\jjwt\0.9.1\jjwt-0.9.1.jar;E:\develop\apache-maven-3.8.8\mvn_repo\org\projectlombok\lombok\1.18.24\lombok-1.18.24.jar;"/>
    <property name="sun.cpu.endian" value="little"/>
    <property name="user.home" value="C:\Users\郭敏轩"/>
    <property name="user.language" value="zh"/>
    <property name="java.specification.vendor" value="Oracle Corporation"/>
    <property name="java.version.date" value="2021-10-19"/>
    <property name="java.home" value="E:\develop\jdk"/>
    <property name="file.separator" value="\"/>
    <property name="basedir" value="E:\develop\datagrip\project\spring-libms"/>
    <property name="java.vm.compressedOopsMode" value="Zero based"/>
    <property name="line.separator" value="&#10;"/>
    <property name="java.vm.specification.vendor" value="Oracle Corporation"/>
    <property name="java.specification.name" value="Java Platform API Specification"/>
    <property name="FILE_LOG_CHARSET" value="GBK"/>
    <property name="java.awt.headless" value="true"/>
    <property name="surefire.real.class.path" value="C:\Users\郭敏轩\AppData\Local\Temp\surefire6674560698075972524\surefirebooter-20230615111339616_3.jar"/>
    <property name="user.script" value=""/>
    <property name="sun.management.compiler" value="HotSpot 64-Bit Tiered Compilers"/>
    <property name="java.runtime.version" value="17.0.1+12-LTS-39"/>
    <property name="user.name" value="郭敏轩"/>
    <property name="path.separator" value=";"/>
    <property name="os.version" value="10.0"/>
    <property name="java.runtime.name" value="Java(TM) SE Runtime Environment"/>
    <property name="file.encoding" value="GBK"/>
    <property name="java.vm.name" value="Java HotSpot(TM) 64-Bit Server VM"/>
    <property name="localRepository" value="E:\develop\apache-maven-3.8.8\mvn_repo"/>
    <property name="java.vendor.url.bug" value="https://bugreport.java.com/bugreport/"/>
    <property name="java.io.tmpdir" value="C:\Users\郭敏轩\AppData\Local\Temp\"/>
    <property name="idea.version" value="2022.1.4"/>
    <property name="java.version" value="17.0.1"/>
    <property name="user.dir" value="E:\develop\datagrip\project\spring-libms"/>
    <property name="os.arch" value="amd64"/>
    <property name="java.vm.specification.name" value="Java Virtual Machine Specification"/>
    <property name="PID" value="9684"/>
    <property name="sun.os.patch.level" value=""/>
    <property name="CONSOLE_LOG_CHARSET" value="GBK"/>
    <property name="native.encoding" value="GBK"/>
    <property name="java.library.path" value="E:\develop\jdk\bin;C:\WINDOWS\Sun\Java\bin;C:\WINDOWS\system32;C:\WINDOWS;E:\develop\jdk\bin;C:\Program Files (x86)\VMware\VMware Workstation\bin\;C:\Program Files\Common Files\Oracle\Java\javapath;C:\Windows\system32;C:\Windows;C:\Windows\System32\Wbem;C:\Windows\System32\WindowsPowerShell\v1.0\;C:\Windows\System32\OpenSSH\;C:\Program Files (x86)\NVIDIA Corporation\PhysX\Common;C:\Program Files\NVIDIA Corporation\NVIDIA NvDLISR;C:\Program Files\dotnet\;C:\WINDOWS\system32;C:\WINDOWS;C:\WINDOWS\System32\Wbem;C:\WINDOWS\System32\WindowsPowerShell\v1.0\;C:\WINDOWS\System32\OpenSSH\;C:\Program Files\MySQL\MySQL Server 8.0\bin\;E:\develop\node.js\;E:\develop\apache-maven-3.8.8\bin;E:\python37\Scripts\;E:\python37\;C:\Users\郭敏轩\AppData\Local\Microsoft\WindowsApps;C:\Program Files\JetBrains\PyCharm Community Edition 2022.3\bin;E:\develop\idea\IntelliJ IDEA 2021.1.1\bin;E:\develop\DataGrip 2022.2.2\bin;C:\Users\郭敏轩\AppData\Roaming\npm;."/>
    <property name="java.vm.info" value="mixed mode, sharing"/>
    <property name="java.vendor" value="Oracle Corporation"/>
    <property name="java.vm.version" value="17.0.1+12-LTS-39"/>
    <property name="sun.io.unicode.encoding" value="UnicodeLittle"/>
    <property name="java.class.version" value="61.0"/>
  </properties>
  <testcase name="testLoginFrame2" classname="com.libms.LibmsApplicationTests" time="0.834">
    <system-out><![CDATA[11:13:40.281 [main] INFO org.springframework.test.context.support.AnnotationConfigContextLoaderUtils -- Could not detect default configuration classes for test class [com.libms.LibmsApplicationTests]: LibmsApplicationTests does not declare any static, non-private, non-final, nested classes annotated with @Configuration.
11:13:40.356 [main] INFO org.springframework.boot.test.context.SpringBootTestContextBootstrapper -- Found @SpringBootConfiguration com.libms.LibmsApplication for test class com.libms.LibmsApplicationTests

  .   ____          _            __ _ _
 /\\ / ___'_ __ _ _(_)_ __  __ _ \ \ \ \
( ( )\___ | '_ | '_| | '_ \/ _` | \ \ \ \
 \\/  ___)| |_)| | | | | || (_| |  ) ) ) )
  '  |____| .__|_| |_|_| |_\__, | / / / /
 =========|_|==============|___/=/_/_/_/
 :: Spring Boot ::                (v3.1.0)

2023-06-15T11:13:40.762+08:00  INFO 9684 --- [           main] com.libms.LibmsApplicationTests          : Starting LibmsApplicationTests using Java 17.0.1 with PID 9684 (started by 郭敏轩 in E:\develop\datagrip\project\spring-libms)
2023-06-15T11:13:40.764+08:00  INFO 9684 --- [           main] com.libms.LibmsApplicationTests          : No active profile set, falling back to 1 default profile: "default"
Logging initialized using 'class org.apache.ibatis.logging.stdout.StdOutImpl' adapter.
2023-06-15T11:13:42.206+08:00  INFO 9684 --- [           main] com.libms.LibmsApplicationTests          : Started LibmsApplicationTests in 1.722 seconds (process running for 2.491)
]]></system-out>
  </testcase>
  <testcase name="contextLoads" classname="com.libms.LibmsApplicationTests" time="0.003"/>
</testsuite>